
> workout-tracker-frontend@0.1.0 dev
> next dev

▲ Next.js 16.1.1 (Turbopack)
- Local:         http://localhost:3000
- Network:       http://192.168.0.2:3000

✓ Starting...
Attention: Next.js now collects completely anonymous telemetry regarding usage.
This information is used to shape Next.js' roadmap and prioritize features.
You can learn more, including how to opt-out if you'd not like to participate in this anonymous program, by visiting the following URL:
https://nextjs.org/telemetry

✓ Ready in 1416ms
○ Compiling /add-exercise ...
 GET /add-exercise 200 in 5.0s (compile: 4.7s, render: 339ms)
 GET /add-exercise 200 in 1296ms (compile: 556ms, render: 739ms)
Error: Cannot apply unknown utility class `sm:px-6`. Are you using CSS modules or similar and missing `@reference`? https://tailwindcss.com/docs/functions-and-directives#reference-directive
    [2m[at onInvalidCandidate (/app/node_modules/tailwindcss/dist/lib.js:21:1314)][0m
    [2m[at Te (/app/node_modules/tailwindcss/dist/lib.js:16:36326)][0m
    [2m[at /app/node_modules/tailwindcss/dist/lib.js:21:355][0m
    [2m[at Rr (/app/node_modules/tailwindcss/dist/lib.js:3:1718)][0m
    [2m[at _ (/app/node_modules/tailwindcss/dist/lib.js:3:1377)][0m
    [2m[at $e (/app/node_modules/tailwindcss/dist/lib.js:21:172)][0m
    [2m[at un (/app/node_modules/tailwindcss/dist/lib.js:38:294)][0m
    [2m[at process.processTicksAndRejections (node:internal/process/task_queues:105:5)][0m
    [2m[at async cn (/app/node_modules/tailwindcss/dist/lib.js:38:631)][0m
    [2m[at async Xr (/app/node_modules/@tailwindcss/node/dist/index.js:10:3417)][0m
⨯ ./app/add-exercise/add-exercise.module.css
Error evaluating Node.js code
CssSyntaxError: tailwindcss: /app/app/add-exercise/add-exercise.module.css:1:1: Cannot apply unknown utility class `sm:px-6`. Are you using CSS modules or similar and missing `@reference`? https://tailwindcss.com/docs/functions-and-directives#reference-directive
    [at Input.error (turbopack:///[project]/node_modules/postcss/lib/input.js:135:16)]
    [at Root.error (turbopack:///[project]/node_modules/postcss/lib/node.js:146:32)]
    [at Object.Once (/app/node_modules/@tailwindcss/postcss/dist/index.js:10:6911)]
    [at process.processTicksAndRejections (node:internal/process/task_queues:105:5)]
    [at async LazyResult.runAsync (turbopack:///[project]/node_modules/postcss/lib/lazy-result.js:293:11)]
    [at async transform (turbopack:///[turbopack-node]/transforms/postcss.ts:70:34)]
    [at async run (turbopack:///[turbopack-node]/ipc/evaluate.ts:92:23)]

Import traces:
  Client Component Browser:
    ./app/add-exercise/add-exercise.module.css [Client Component Browser]
    ./app/add-exercise/page.tsx [Client Component Browser]
    ./app/add-exercise/page.tsx [Server Component]

  Client Component SSR:
    ./app/add-exercise/add-exercise.module.css [Client Component SSR]
    ./app/add-exercise/page.tsx [Client Component SSR]
    ./app/add-exercise/page.tsx [Server Component]


○ Compiling /_error ...
 GET /add-exercise 500 in 9.0s (compile: 8.1s, render: 970ms)
Error: Cannot apply unknown utility class `group`
    [2m[at onInvalidCandidate (/app/node_modules/tailwindcss/dist/lib.js:21:1511)][0m
    [2m[at Te (/app/node_modules/tailwindcss/dist/lib.js:16:36326)][0m
    [2m[at /app/node_modules/tailwindcss/dist/lib.js:21:355][0m
    [2m[at Rr (/app/node_modules/tailwindcss/dist/lib.js:3:1718)][0m
    [2m[at _ (/app/node_modules/tailwindcss/dist/lib.js:3:1377)][0m
    [2m[at $e (/app/node_modules/tailwindcss/dist/lib.js:21:172)][0m
    [2m[at un (/app/node_modules/tailwindcss/dist/lib.js:38:294)][0m
    [2m[at async cn (/app/node_modules/tailwindcss/dist/lib.js:38:631)][0m
    [2m[at async Xr (/app/node_modules/@tailwindcss/node/dist/index.js:10:3417)][0m
    [2m[at async I (/app/node_modules/@tailwindcss/postcss/dist/index.js:10:3977)][0m
⨯ ./app/add-exercise/add-exercise.module.css
Error evaluating Node.js code
CssSyntaxError: tailwindcss: /app/app/add-exercise/add-exercise.module.css:1:1: Cannot apply unknown utility class `group`
    [at Input.error (turbopack:///[project]/node_modules/postcss/lib/input.js:135:16)]
    [at Root.error (turbopack:///[project]/node_modules/postcss/lib/node.js:146:32)]
    [at Object.Once (/app/node_modules/@tailwindcss/postcss/dist/index.js:10:6911)]
    [at async LazyResult.runAsync (turbopack:///[project]/node_modules/postcss/lib/lazy-result.js:293:11)]
    [at async transform (turbopack:///[turbopack-node]/transforms/postcss.ts:70:34)]
    [at async run (turbopack:///[turbopack-node]/ipc/evaluate.ts:92:23)]

Import traces:
  Client Component Browser:
    ./app/add-exercise/add-exercise.module.css [Client Component Browser]
    ./app/add-exercise/page.tsx [Client Component Browser]
    ./app/add-exercise/page.tsx [Server Component]

  Client Component SSR:
    ./app/add-exercise/add-exercise.module.css [Client Component SSR]
    ./app/add-exercise/page.tsx [Client Component SSR]
    ./app/add-exercise/page.tsx [Server Component]


 GET /add-exercise 500 in 74ms (compile: 39ms, render: 36ms)
⨯ ./app/add-exercise/add-exercise.module.css
Error evaluating Node.js code
CssSyntaxError: tailwindcss: /app/app/add-exercise/add-exercise.module.css:1:1: Cannot apply unknown utility class `group`
    [at Input.error (turbopack:///[project]/node_modules/postcss/lib/input.js:135:16)]
    [at Root.error (turbopack:///[project]/node_modules/postcss/lib/node.js:146:32)]
    [at Object.Once (/app/node_modules/@tailwindcss/postcss/dist/index.js:10:6911)]
    [at async LazyResult.runAsync (turbopack:///[project]/node_modules/postcss/lib/lazy-result.js:293:11)]
    [at async transform (turbopack:///[turbopack-node]/transforms/postcss.ts:70:34)]
    [at async run (turbopack:///[turbopack-node]/ipc/evaluate.ts:92:23)]

Import traces:
  Client Component Browser:
    ./app/add-exercise/add-exercise.module.css [Client Component Browser]
    ./app/add-exercise/page.tsx [Client Component Browser]
    ./app/add-exercise/page.tsx [Server Component]

  Client Component SSR:
    ./app/add-exercise/add-exercise.module.css [Client Component SSR]
    ./app/add-exercise/page.tsx [Client Component SSR]
    ./app/add-exercise/page.tsx [Server Component]


 GET /add-exercise 500 in 33ms (compile: 15ms, render: 18ms)
✓ Compiled in 142ms
 GET /add-exercise 200 in 907ms (compile: 599ms, render: 308ms)
